<?xml version="1.0" encoding="UTF-8"?>
<!-- Generated by org.testng.reporters.JUnitReportReporter -->
<testsuite hostname="DESKTOP-ODKFIDM" failures="0" tests="1" name="TestSuite.GreenCartApplication" time="69.086" errors="0" timestamp="2023-08-13T20:21:54 IST" skipped="0">
  <testcase classname="TestSuite.GreenCartApplication" name="LandingGreenCartApplication" time="69.086"/>
  <system-out/>
</testsuite> <!-- TestSuite.GreenCartApplication -->
